  DynamicArray.cpp
C:\Users\Jett\source\repos\data_structures\lab1\lab2\DynamicArray.h(11,8): error C2143: syntax error: missing ';' before '<'
C:\Users\Jett\source\repos\data_structures\lab1\lab2\DynamicArray.h(11,8): error C4430: missing type specifier - int assumed. Note: C++ does not support default-int
C:\Users\Jett\source\repos\data_structures\lab1\lab2\DynamicArray.h(11,19): error C2238: unexpected token(s) preceding ';'
C:\Users\Jett\source\repos\data_structures\lab1\lab2\DynamicArray.cpp(17,9): error C2039: 'Array': is not a member of 'DynamicArray'
C:\Users\Jett\source\repos\data_structures\lab1\lab2\DynamicArray.h(8): message : see declaration of 'DynamicArray'
C:\Users\Jett\source\repos\data_structures\lab1\lab2\DynamicArray.cpp(30,37): error C2039: 'Array': is not a member of 'DynamicArray'
C:\Users\Jett\source\repos\data_structures\lab1\lab2\DynamicArray.h(8): message : see declaration of 'DynamicArray'
C:\Users\Jett\source\repos\data_structures\lab1\lab2\DynamicArray.cpp(73,26): error C2039: 'Array': is not a member of 'DynamicArray'
C:\Users\Jett\source\repos\data_structures\lab1\lab2\DynamicArray.h(8): message : see declaration of 'DynamicArray'
C:\Users\Jett\source\repos\data_structures\lab1\lab2\DynamicArray.cpp(76,19): error C2039: 'Array': is not a member of 'DynamicArray'
C:\Users\Jett\source\repos\data_structures\lab1\lab2\DynamicArray.h(8): message : see declaration of 'DynamicArray'
C:\Users\Jett\source\repos\data_structures\lab1\lab2\DynamicArray.cpp(77,10): error C2039: 'Array': is not a member of 'DynamicArray'
C:\Users\Jett\source\repos\data_structures\lab1\lab2\DynamicArray.h(8): message : see declaration of 'DynamicArray'
  ArrayActions.cpp
C:\Users\Jett\source\repos\data_structures\lab1\lab2\DynamicArray.h(11,8): error C2143: syntax error: missing ';' before '<'
C:\Users\Jett\source\repos\data_structures\lab1\lab2\DynamicArray.h(11,8): error C4430: missing type specifier - int assumed. Note: C++ does not support default-int
C:\Users\Jett\source\repos\data_structures\lab1\lab2\DynamicArray.h(11,19): error C2238: unexpected token(s) preceding ';'
C:\Users\Jett\source\repos\data_structures\lab1\lab2\ArrayActions.cpp(16,9): error C2039: 'Array': is not a member of 'DynamicArray'
C:\Users\Jett\source\repos\data_structures\lab1\lab2\DynamicArray.h(8): message : see declaration of 'DynamicArray'
C:\Users\Jett\source\repos\data_structures\lab1\lab2\ArrayActions.cpp(34,10): error C2039: 'Array': is not a member of 'DynamicArray'
C:\Users\Jett\source\repos\data_structures\lab1\lab2\DynamicArray.h(8): message : see declaration of 'DynamicArray'
C:\Users\Jett\source\repos\data_structures\lab1\lab2\ArrayActions.cpp(34,28): error C2039: 'Array': is not a member of 'DynamicArray'
C:\Users\Jett\source\repos\data_structures\lab1\lab2\DynamicArray.h(8): message : see declaration of 'DynamicArray'
C:\Users\Jett\source\repos\data_structures\lab1\lab2\ArrayActions.cpp(54,25): error C2039: 'Array': is not a member of 'DynamicArray'
C:\Users\Jett\source\repos\data_structures\lab1\lab2\DynamicArray.h(8): message : see declaration of 'DynamicArray'
C:\Users\Jett\source\repos\data_structures\lab1\lab2\ArrayActions.cpp(56,18): error C2039: 'Array': is not a member of 'DynamicArray'
C:\Users\Jett\source\repos\data_structures\lab1\lab2\DynamicArray.h(8): message : see declaration of 'DynamicArray'
C:\Users\Jett\source\repos\data_structures\lab1\lab2\ArrayActions.cpp(57,9): error C2039: 'Array': is not a member of 'DynamicArray'
C:\Users\Jett\source\repos\data_structures\lab1\lab2\DynamicArray.h(8): message : see declaration of 'DynamicArray'
C:\Users\Jett\source\repos\data_structures\lab1\lab2\ArrayActions.cpp(69,9): error C2039: 'Array': is not a member of 'DynamicArray'
C:\Users\Jett\source\repos\data_structures\lab1\lab2\DynamicArray.h(8): message : see declaration of 'DynamicArray'
C:\Users\Jett\source\repos\data_structures\lab1\lab2\ArrayActions.cpp(91,25): error C2039: 'Array': is not a member of 'DynamicArray'
C:\Users\Jett\source\repos\data_structures\lab1\lab2\DynamicArray.h(8): message : see declaration of 'DynamicArray'
C:\Users\Jett\source\repos\data_structures\lab1\lab2\ArrayActions.cpp(94,23): error C2039: 'Array': is not a member of 'DynamicArray'
C:\Users\Jett\source\repos\data_structures\lab1\lab2\DynamicArray.h(8): message : see declaration of 'DynamicArray'
C:\Users\Jett\source\repos\data_structures\lab1\lab2\ArrayActions.cpp(100,29): error C2039: 'Array': is not a member of 'DynamicArray'
C:\Users\Jett\source\repos\data_structures\lab1\lab2\DynamicArray.h(8): message : see declaration of 'DynamicArray'
C:\Users\Jett\source\repos\data_structures\lab1\lab2\ArrayActions.cpp(103,18): error C2039: 'Array': is not a member of 'DynamicArray'
C:\Users\Jett\source\repos\data_structures\lab1\lab2\DynamicArray.h(8): message : see declaration of 'DynamicArray'
C:\Users\Jett\source\repos\data_structures\lab1\lab2\ArrayActions.cpp(104,9): error C2039: 'Array': is not a member of 'DynamicArray'
C:\Users\Jett\source\repos\data_structures\lab1\lab2\DynamicArray.h(8): message : see declaration of 'DynamicArray'
C:\Users\Jett\source\repos\data_structures\lab1\lab2\ArrayActions.cpp(117,15): error C2039: 'Array': is not a member of 'DynamicArray'
C:\Users\Jett\source\repos\data_structures\lab1\lab2\DynamicArray.h(8): message : see declaration of 'DynamicArray'
C:\Users\Jett\source\repos\data_structures\lab1\lab2\ArrayActions.cpp(117,33): error C2039: 'Array': is not a member of 'DynamicArray'
C:\Users\Jett\source\repos\data_structures\lab1\lab2\DynamicArray.h(8): message : see declaration of 'DynamicArray'
C:\Users\Jett\source\repos\data_structures\lab1\lab2\ArrayActions.cpp(119,17): error C2039: 'Array': is not a member of 'DynamicArray'
C:\Users\Jett\source\repos\data_structures\lab1\lab2\DynamicArray.h(8): message : see declaration of 'DynamicArray'
C:\Users\Jett\source\repos\data_structures\lab1\lab2\ArrayActions.cpp(119,34): error C2039: 'Array': is not a member of 'DynamicArray'
C:\Users\Jett\source\repos\data_structures\lab1\lab2\DynamicArray.h(8): message : see declaration of 'DynamicArray'
C:\Users\Jett\source\repos\data_structures\lab1\lab2\ArrayActions.cpp(119,5): error C2672: 'std::swap': no matching overloaded function found
C:\Users\Jett\source\repos\data_structures\lab1\lab2\ArrayActions.cpp(119,42): error C2780: 'void std::swap(std::unique_ptr<_Ty,_Dx> &,std::unique_ptr<_Ty,_Dx> &) noexcept': expects 2 arguments - 1 provided
C:\Program Files (x86)\Microsoft Visual Studio\2019\Community\VC\Tools\MSVC\14.29.30133\include\memory(3447): message : see declaration of 'std::swap'
C:\Users\Jett\source\repos\data_structures\lab1\lab2\ArrayActions.cpp(119,42): error C2780: 'void std::swap(std::weak_ptr<_Ty> &,std::weak_ptr<_Ty> &) noexcept': expects 2 arguments - 1 provided
C:\Program Files (x86)\Microsoft Visual Studio\2019\Community\VC\Tools\MSVC\14.29.30133\include\memory(3061): message : see declaration of 'std::swap'
C:\Users\Jett\source\repos\data_structures\lab1\lab2\ArrayActions.cpp(119,42): error C2780: 'void std::swap(std::shared_ptr<_Ty> &,std::shared_ptr<_Ty> &) noexcept': expects 2 arguments - 1 provided
C:\Program Files (x86)\Microsoft Visual Studio\2019\Community\VC\Tools\MSVC\14.29.30133\include\memory(1918): message : see declaration of 'std::swap'
C:\Users\Jett\source\repos\data_structures\lab1\lab2\ArrayActions.cpp(119,42): error C2780: 'void std::swap(std::basic_string<_Elem,_Traits,_Alloc> &,std::basic_string<_Elem,_Traits,_Alloc> &) noexcept': expects 2 arguments - 1 provided
C:\Program Files (x86)\Microsoft Visual Studio\2019\Community\VC\Tools\MSVC\14.29.30133\include\xstring(4679): message : see declaration of 'std::swap'
C:\Users\Jett\source\repos\data_structures\lab1\lab2\ArrayActions.cpp(119,42): error C2780: 'void std::swap(std::pair<_Ty1,_Ty2> &,std::pair<_Ty1,_Ty2> &) noexcept(<expr>)': expects 2 arguments - 1 provided
C:\Program Files (x86)\Microsoft Visual Studio\2019\Community\VC\Tools\MSVC\14.29.30133\include\utility(341): message : see declaration of 'std::swap'
C:\Users\Jett\source\repos\data_structures\lab1\lab2\ArrayActions.cpp(119,42): error C2780: 'void std::swap(_Ty (&)[_Size],_Ty (&)[_Size]) noexcept(<expr>)': expects 2 arguments - 1 provided
C:\Program Files (x86)\Microsoft Visual Studio\2019\Community\VC\Tools\MSVC\14.29.30133\include\type_traits(2022): message : see declaration of 'std::swap'
C:\Users\Jett\source\repos\data_structures\lab1\lab2\ArrayActions.cpp(119,42): error C2780: 'void std::swap(_Ty &,_Ty &) noexcept(<expr>)': expects 2 arguments - 1 provided
C:\Program Files (x86)\Microsoft Visual Studio\2019\Community\VC\Tools\MSVC\14.29.30133\include\type_traits(2019): message : see declaration of 'std::swap'
C:\Users\Jett\source\repos\data_structures\lab1\lab2\ArrayActions.cpp(137,25): error C2039: 'Array': is not a member of 'DynamicArray'
C:\Users\Jett\source\repos\data_structures\lab1\lab2\DynamicArray.h(8): message : see declaration of 'DynamicArray'
C:\Users\Jett\source\repos\data_structures\lab1\lab2\ArrayActions.cpp(166,14): error C2039: 'Array': is not a member of 'DynamicArray'
C:\Users\Jett\source\repos\data_structures\lab1\lab2\DynamicArray.h(8): message : see declaration of 'DynamicArray'
C:\Users\Jett\source\repos\data_structures\lab1\lab2\ArrayActions.cpp(177,13): error C2039: 'Array': is not a member of 'DynamicArray'
C:\Users\Jett\source\repos\data_structures\lab1\lab2\DynamicArray.h(8): message : see declaration of 'DynamicArray'
C:\Users\Jett\source\repos\data_structures\lab1\lab2\ArrayActions.cpp(194,18): error C2039: 'Array': is not a member of 'DynamicArray'
C:\Users\Jett\source\repos\data_structures\lab1\lab2\DynamicArray.h(8): message : see declaration of 'DynamicArray'
C:\Users\Jett\source\repos\data_structures\lab1\lab2\ArrayActions.cpp(195,9): error C2039: 'Array': is not a member of 'DynamicArray'
C:\Users\Jett\source\repos\data_structures\lab1\lab2\DynamicArray.h(8): message : see declaration of 'DynamicArray'
  Main.cpp
C:\Users\Jett\source\repos\data_structures\lab1\lab2\DynamicArray.h(11,8): error C2143: syntax error: missing ';' before '<'
C:\Users\Jett\source\repos\data_structures\lab1\lab2\DynamicArray.h(11,8): error C4430: missing type specifier - int assumed. Note: C++ does not support default-int
C:\Users\Jett\source\repos\data_structures\lab1\lab2\DynamicArray.h(11,19): error C2238: unexpected token(s) preceding ';'
C:\Users\Jett\source\repos\data_structures\lab1\lab2\Main.cpp(155,18): error C2039: 'Array': is not a member of 'DynamicArray'
C:\Users\Jett\source\repos\data_structures\lab1\lab2\DynamicArray.h(8): message : see declaration of 'DynamicArray'
  Generating Code...
